e:\repositories\bullettest\debug\src\linearmath\linearmath.dir\debug\linearmath.pdb
e:\repositories\bullettest\debug\src\linearmath\linearmath.dir\debug\btvector3.obj
e:\repositories\bullettest\debug\src\linearmath\linearmath.dir\debug\btthreads.obj
e:\repositories\bullettest\debug\src\linearmath\linearmath.dir\debug\btserializer64.obj
e:\repositories\bullettest\debug\src\linearmath\linearmath.dir\debug\btserializer.obj
e:\repositories\bullettest\debug\src\linearmath\linearmath.dir\debug\btquickprof.obj
e:\repositories\bullettest\debug\src\linearmath\linearmath.dir\debug\btpolardecomposition.obj
e:\repositories\bullettest\debug\src\linearmath\linearmath.dir\debug\btgeometryutil.obj
e:\repositories\bullettest\debug\src\linearmath\linearmath.dir\debug\btconvexhullcomputer.obj
e:\repositories\bullettest\debug\src\linearmath\linearmath.dir\debug\btconvexhull.obj
e:\repositories\bullettest\debug\src\linearmath\linearmath.dir\debug\btalignedallocator.obj
e:\repositories\bullettest\debug\lib\debug\linearmath_debug.lib
e:\repositories\bullettest\debug\src\linearmath\linearmath.dir\debug\linearmath.tlog\cl.command.1.tlog
e:\repositories\bullettest\debug\src\linearmath\linearmath.dir\debug\linearmath.tlog\cl.read.1.tlog
e:\repositories\bullettest\debug\src\linearmath\linearmath.dir\debug\linearmath.tlog\cl.write.1.tlog
e:\repositories\bullettest\debug\src\linearmath\linearmath.dir\debug\linearmath.tlog\custombuild.command.1.tlog
e:\repositories\bullettest\debug\src\linearmath\linearmath.dir\debug\linearmath.tlog\custombuild.read.1.tlog
e:\repositories\bullettest\debug\src\linearmath\linearmath.dir\debug\linearmath.tlog\custombuild.write.1.tlog
e:\repositories\bullettest\debug\src\linearmath\linearmath.dir\debug\linearmath.tlog\lib-link.read.1.tlog
e:\repositories\bullettest\debug\src\linearmath\linearmath.dir\debug\linearmath.tlog\lib-link.write.1.tlog
e:\repositories\bullettest\debug\src\linearmath\linearmath.dir\debug\linearmath.tlog\lib.command.1.tlog
