e:\repositories\bullettest\debug\src\bulletdynamics\bulletdynamics.dir\debug\bulletdynamics.pdb
e:\repositories\bullettest\debug\src\bulletdynamics\bulletdynamics.dir\debug\btsimulationislandmanagermt.obj
e:\repositories\bullettest\debug\src\bulletdynamics\bulletdynamics.dir\debug\btdiscretedynamicsworldmt.obj
e:\repositories\bullettest\debug\src\bulletdynamics\bulletdynamics.dir\debug\btdiscretedynamicsworld.obj
e:\repositories\bullettest\debug\src\bulletdynamics\bulletdynamics.dir\debug\btuniversalconstraint.obj
e:\repositories\bullettest\debug\src\bulletdynamics\bulletdynamics.dir\debug\bttypedconstraint.obj
e:\repositories\bullettest\debug\src\bulletdynamics\bulletdynamics.dir\debug\btsolve2linearconstraint.obj
e:\repositories\bullettest\debug\src\bulletdynamics\bulletdynamics.dir\debug\btsliderconstraint.obj
e:\repositories\bullettest\debug\src\bulletdynamics\bulletdynamics.dir\debug\btnncgconstraintsolver.obj
e:\repositories\bullettest\debug\src\bulletdynamics\bulletdynamics.dir\debug\btsequentialimpulseconstraintsolver.obj
e:\repositories\bullettest\debug\src\bulletdynamics\bulletdynamics.dir\debug\btpoint2pointconstraint.obj
e:\repositories\bullettest\debug\src\bulletdynamics\bulletdynamics.dir\debug\bthingeconstraint.obj
e:\repositories\bullettest\debug\src\bulletdynamics\bulletdynamics.dir\debug\bthinge2constraint.obj
e:\repositories\bullettest\debug\src\bulletdynamics\bulletdynamics.dir\debug\btgeneric6dofspring2constraint.obj
e:\repositories\bullettest\debug\src\bulletdynamics\bulletdynamics.dir\debug\btgeneric6dofspringconstraint.obj
e:\repositories\bullettest\debug\src\bulletdynamics\bulletdynamics.dir\debug\btgeneric6dofconstraint.obj
e:\repositories\bullettest\debug\src\bulletdynamics\bulletdynamics.dir\debug\btgearconstraint.obj
e:\repositories\bullettest\debug\src\bulletdynamics\bulletdynamics.dir\debug\btfixedconstraint.obj
e:\repositories\bullettest\debug\src\bulletdynamics\bulletdynamics.dir\debug\btcontactconstraint.obj
e:\repositories\bullettest\debug\src\bulletdynamics\bulletdynamics.dir\debug\btconetwistconstraint.obj
e:\repositories\bullettest\debug\src\bulletdynamics\bulletdynamics.dir\debug\btkinematiccharactercontroller.obj
e:\repositories\bullettest\debug\src\bulletdynamics\bulletdynamics.dir\debug\btlemkealgorithm.obj
e:\repositories\bullettest\debug\src\bulletdynamics\bulletdynamics.dir\debug\btmlcpsolver.obj
e:\repositories\bullettest\debug\src\bulletdynamics\bulletdynamics.dir\debug\btdantziglcp.obj
e:\repositories\bullettest\debug\src\bulletdynamics\bulletdynamics.dir\debug\btmultibodygearconstraint.obj
e:\repositories\bullettest\debug\src\bulletdynamics\bulletdynamics.dir\debug\btmultibodyjointmotor.obj
e:\repositories\bullettest\debug\src\bulletdynamics\bulletdynamics.dir\debug\btmultibodysliderconstraint.obj
e:\repositories\bullettest\debug\src\bulletdynamics\bulletdynamics.dir\debug\btmultibodyfixedconstraint.obj
e:\repositories\bullettest\debug\src\bulletdynamics\bulletdynamics.dir\debug\btmultibodypoint2point.obj
e:\repositories\bullettest\debug\src\bulletdynamics\bulletdynamics.dir\debug\btmultibodyconstraint.obj
e:\repositories\bullettest\debug\src\bulletdynamics\bulletdynamics.dir\debug\btmultibodyjointlimitconstraint.obj
e:\repositories\bullettest\debug\src\bulletdynamics\bulletdynamics.dir\debug\btmultibodydynamicsworld.obj
e:\repositories\bullettest\debug\src\bulletdynamics\bulletdynamics.dir\debug\btmultibodyconstraintsolver.obj
e:\repositories\bullettest\debug\src\bulletdynamics\bulletdynamics.dir\debug\btmultibody.obj
e:\repositories\bullettest\debug\src\bulletdynamics\bulletdynamics.dir\debug\btwheelinfo.obj
e:\repositories\bullettest\debug\src\bulletdynamics\bulletdynamics.dir\debug\btraycastvehicle.obj
e:\repositories\bullettest\debug\src\bulletdynamics\bulletdynamics.dir\debug\btsimpledynamicsworld.obj
e:\repositories\bullettest\debug\src\bulletdynamics\bulletdynamics.dir\debug\btrigidbody.obj
e:\repositories\bullettest\debug\lib\debug\bulletdynamics_debug.lib
e:\repositories\bullettest\debug\src\bulletdynamics\bulletdynamics.dir\debug\bulletdynamics.tlog\cl.command.1.tlog
e:\repositories\bullettest\debug\src\bulletdynamics\bulletdynamics.dir\debug\bulletdynamics.tlog\cl.read.1.tlog
e:\repositories\bullettest\debug\src\bulletdynamics\bulletdynamics.dir\debug\bulletdynamics.tlog\cl.write.1.tlog
e:\repositories\bullettest\debug\src\bulletdynamics\bulletdynamics.dir\debug\bulletdynamics.tlog\custombuild.command.1.tlog
e:\repositories\bullettest\debug\src\bulletdynamics\bulletdynamics.dir\debug\bulletdynamics.tlog\custombuild.read.1.tlog
e:\repositories\bullettest\debug\src\bulletdynamics\bulletdynamics.dir\debug\bulletdynamics.tlog\custombuild.write.1.tlog
e:\repositories\bullettest\debug\src\bulletdynamics\bulletdynamics.dir\debug\bulletdynamics.tlog\lib-link.read.1.tlog
e:\repositories\bullettest\debug\src\bulletdynamics\bulletdynamics.dir\debug\bulletdynamics.tlog\lib-link.write.1.tlog
e:\repositories\bullettest\debug\src\bulletdynamics\bulletdynamics.dir\debug\bulletdynamics.tlog\lib.command.1.tlog
